[    1075ms] [INFO] %cDownload the React DevTools for a better development experience: https://react.dev/link/react-devtools font-weight:bold @ http://localhost:3000/_next/static/chunks/16jc_next_dist_09v46h7._.js:2971
[    1208ms] [LOG] [HMR] connected @ http://localhost:3000/_next/static/chunks/16jc_next_dist_09v46h7._.js:2971
[    1911ms] Error: Hydration failed because the server rendered HTML didn't match the client. As a result this tree will be regenerated on the client. This can happen if a SSR-ed Client Component used:

- A server/client branch `if (typeof window !== 'undefined')`.
- Variable input such as `Date.now()` or `Math.random()` which changes each time it's called.
- Date formatting in a user's locale which doesn't match the server.
- External changing data without sending a snapshot of it along with the HTML.
- Invalid HTML tag nesting.

It can also happen if the client has a browser extension installed which messes with the HTML before React loaded.

https://react.dev/link/hydration-mismatch

  ...
    <div className="mx-auto mt..." style={{...}}>
      <HeroDashboard>
        <div className="overflow-h...">
          <div>
          <div className="grid md:gr...">
            <div>
            <div className="flex flex-...">
              <div className="rounded-xl...">
                <div>
                <div className="flex-1 p-5...">
                  <div>
                  <div>
                    <h4>
                    <div className="grid grid-...">
                      <div className="border bor...">
                        <ProgressCircle value={85} label="Mail Triage" icon={{...}}>
                          <div className="flex flex-...">
                            <div className="relative s...">
                              <svg className="absolute i...">
                                <title>
+                                 {"Triage health indicator: "}
                                  ...
                                ...
                              ...
                            ...
                      ...
            ...

    at throwOnHydrationMismatch (http://localhost:3000/_next/static/chunks/16jc_next_dist_compiled_react-dom_0c13ozq._.js:3318:56)
    at beginWork (http://localhost:3000/_next/static/chunks/16jc_next_dist_compiled_react-dom_0c13ozq._.js:6760:752)
    at runWithFiberInDEV (http://localhost:3000/_next/static/chunks/16jc_next_dist_compiled_react-dom_0c13ozq._.js:965:74)
    at performUnitOfWork (http://localhost:3000/_next/static/chunks/16jc_next_dist_compiled_react-dom_0c13ozq._.js:9555:97)
    at workLoopConcurrentByScheduler (http://localhost:3000/_next/static/chunks/16jc_next_dist_compiled_react-dom_0c13ozq._.js:9551:58)
    at renderRootConcurrent (http://localhost:3000/_next/static/chunks/16jc_next_dist_compiled_react-dom_0c13ozq._.js:9534:71)
    at performWorkOnRoot (http://localhost:3000/_next/static/chunks/16jc_next_dist_compiled_react-dom_0c13ozq._.js:9061:150)
    at performWorkOnRootViaSchedulerTask (http://localhost:3000/_next/static/chunks/16jc_next_dist_compiled_react-dom_0c13ozq._.js:10255:9)
    at MessagePort.performWorkUntilDeadline (http://localhost:3000/_next/static/chunks/16jc_next_dist_compiled_10m-m58._.js:2647:64)
